<?xml version="1.0" encoding="UTF-8"?>
<!-- Generated by org.testng.reporters.JUnitReportReporter -->
<testsuite hostname="CHI-AA108810" name="Test.TestSuite_ContractManagement" tests="3" failures="0" timestamp="18 Aug 2019 16:12:03 GMT" time="10.820" errors="0">
  <testcase name="TestCase1_verifySearch" time="5.211" classname="Test.TestSuite_ContractManagement"/>
  <testcase name="TestCase2_verifyDemoPageTitle" time="5.577" classname="Test.TestSuite_ContractManagement"/>
  <testcase name="TestCase1_verifyHomepageTitle" time="0.032" classname="Test.TestSuite_ContractManagement"/>
</testsuite> <!-- Test.TestSuite_ContractManagement -->
