<?xml version="1.0" encoding="UTF-8"?>
<!-- Generated by org.testng.reporters.JUnitReportReporter -->
<testsuite hostname="CHI-AA108810" name="Test.TestSearchPage$TectCase1" tests="2" failures="0" timestamp="17 Aug 2019 20:54:35 GMT" time="4.685" errors="0">
  <testcase name="verifySearch" time="4.667" classname="Test.TestSearchPage$TectCase1"/>
  <testcase name="verifyHomepageTitle" time="0.018" classname="Test.TestSearchPage$TectCase1"/>
</testsuite> <!-- Test.TestSearchPage$TectCase1 -->
