<?xml version="1.0" encoding="UTF-8"?>
<!-- Generated by org.testng.reporters.JUnitReportReporter -->
<testsuite hostname="CHI-AA108810" name="Movie_Free" tests="1" failures="0" timestamp="13 Aug 2019 21:32:07 GMT" time="7.432" errors="0">
  <testcase name="FreeMovie" time="7.432" classname="Movie_Free"/>
</testsuite> <!-- Movie_Free -->
