<?xml version="1.0" encoding="UTF-8"?>
<!-- Generated by org.testng.reporters.JUnitReportReporter -->
<testsuite hostname="CHI-AA108810" name="Test.TestSuite_ResourceLibrary" tests="1" failures="0" timestamp="18 Aug 2019 15:08:31 GMT" time="6.987" errors="0">
  <testcase name="TestCase3_verifyResourceLibrary" time="6.987" classname="Test.TestSuite_ResourceLibrary"/>
</testsuite> <!-- Test.TestSuite_ResourceLibrary -->
